  AboutState.cpp
E:\alfred c14190016\Semester 3\STRUKTUR DATA\ProjectStrukdat\ProjectStrukdat\Definition.h(19,1): warning C4005: 'MAIN_MENU_BG': macro redefinition
E:\alfred c14190016\Semester 3\STRUKTUR DATA\ProjectStrukdat\ProjectStrukdat\Definition.h(18): message : see previous definition of 'MAIN_MENU_BG'
E:\alfred c14190016\Semester 3\STRUKTUR DATA\ProjectStrukdat\ProjectStrukdat\Definition.h(20,1): warning C4005: 'MAIN_MENU_BG': macro redefinition
E:\alfred c14190016\Semester 3\STRUKTUR DATA\ProjectStrukdat\ProjectStrukdat\Definition.h(19): message : see previous definition of 'MAIN_MENU_BG'
E:\alfred c14190016\Semester 3\STRUKTUR DATA\ProjectStrukdat\ProjectStrukdat\Definition.h(21,1): warning C4005: 'MAIN_MENU_BG': macro redefinition
E:\alfred c14190016\Semester 3\STRUKTUR DATA\ProjectStrukdat\ProjectStrukdat\Definition.h(20): message : see previous definition of 'MAIN_MENU_BG'
  GameState.cpp
E:\alfred c14190016\Semester 3\STRUKTUR DATA\ProjectStrukdat\ProjectStrukdat\Definition.h(19,1): warning C4005: 'MAIN_MENU_BG': macro redefinition
E:\alfred c14190016\Semester 3\STRUKTUR DATA\ProjectStrukdat\ProjectStrukdat\Definition.h(18): message : see previous definition of 'MAIN_MENU_BG'
E:\alfred c14190016\Semester 3\STRUKTUR DATA\ProjectStrukdat\ProjectStrukdat\Definition.h(20,1): warning C4005: 'MAIN_MENU_BG': macro redefinition
E:\alfred c14190016\Semester 3\STRUKTUR DATA\ProjectStrukdat\ProjectStrukdat\Definition.h(19): message : see previous definition of 'MAIN_MENU_BG'
E:\alfred c14190016\Semester 3\STRUKTUR DATA\ProjectStrukdat\ProjectStrukdat\Definition.h(21,1): warning C4005: 'MAIN_MENU_BG': macro redefinition
E:\alfred c14190016\Semester 3\STRUKTUR DATA\ProjectStrukdat\ProjectStrukdat\Definition.h(20): message : see previous definition of 'MAIN_MENU_BG'
  main.cpp
E:\alfred c14190016\Semester 3\STRUKTUR DATA\ProjectStrukdat\ProjectStrukdat\Definition.h(19,1): warning C4005: 'MAIN_MENU_BG': macro redefinition
E:\alfred c14190016\Semester 3\STRUKTUR DATA\ProjectStrukdat\ProjectStrukdat\Definition.h(18): message : see previous definition of 'MAIN_MENU_BG'
E:\alfred c14190016\Semester 3\STRUKTUR DATA\ProjectStrukdat\ProjectStrukdat\Definition.h(20,1): warning C4005: 'MAIN_MENU_BG': macro redefinition
E:\alfred c14190016\Semester 3\STRUKTUR DATA\ProjectStrukdat\ProjectStrukdat\Definition.h(19): message : see previous definition of 'MAIN_MENU_BG'
E:\alfred c14190016\Semester 3\STRUKTUR DATA\ProjectStrukdat\ProjectStrukdat\Definition.h(21,1): warning C4005: 'MAIN_MENU_BG': macro redefinition
E:\alfred c14190016\Semester 3\STRUKTUR DATA\ProjectStrukdat\ProjectStrukdat\Definition.h(20): message : see previous definition of 'MAIN_MENU_BG'
E:\alfred c14190016\Semester 3\STRUKTUR DATA\ProjectStrukdat\ProjectStrukdat\main.cpp(26,20): warning C4018: '<': signed/unsigned mismatch
  MainMenuState.cpp
E:\alfred c14190016\Semester 3\STRUKTUR DATA\ProjectStrukdat\ProjectStrukdat\Definition.h(19,1): warning C4005: 'MAIN_MENU_BG': macro redefinition
E:\alfred c14190016\Semester 3\STRUKTUR DATA\ProjectStrukdat\ProjectStrukdat\Definition.h(18): message : see previous definition of 'MAIN_MENU_BG'
E:\alfred c14190016\Semester 3\STRUKTUR DATA\ProjectStrukdat\ProjectStrukdat\Definition.h(20,1): warning C4005: 'MAIN_MENU_BG': macro redefinition
E:\alfred c14190016\Semester 3\STRUKTUR DATA\ProjectStrukdat\ProjectStrukdat\Definition.h(19): message : see previous definition of 'MAIN_MENU_BG'
E:\alfred c14190016\Semester 3\STRUKTUR DATA\ProjectStrukdat\ProjectStrukdat\Definition.h(21,1): warning C4005: 'MAIN_MENU_BG': macro redefinition
E:\alfred c14190016\Semester 3\STRUKTUR DATA\ProjectStrukdat\ProjectStrukdat\Definition.h(20): message : see previous definition of 'MAIN_MENU_BG'
  Generating Code...
  ProjectStrukdat.vcxproj -> E:\alfred c14190016\Semester 3\STRUKTUR DATA\ProjectStrukdat\Debug\ProjectStrukdat.exe
